<?xml version="1.0" encoding="UTF-8"?>
<testng-results ignored="0" total="1" passed="1" failed="0" skipped="0">
  <reporter-output>
  </reporter-output>
  <suite started-at="2023-01-23T12:29:01 EST" name="com.test.cucumber.Runner" finished-at="2023-01-23T12:29:18 EST" duration-ms="16784">
    <groups>
      <group name="cucumber">
        <method signature="AbstractTestNGCucumberTests.runScenario(cucumber.api.testng.PickleEventWrapper,cucumber.api.testng.CucumberFeatureWrapper)[pri:0, instance:com.test.cucumber.Runner@bcec361]" name="runScenario" class="cucumber.api.testng.AbstractTestNGCucumberTests"/>
      </group> <!-- cucumber -->
    </groups>
    <test started-at="2023-01-23T12:29:01 EST" name="Command line test" finished-at="2023-01-23T12:29:18 EST" duration-ms="16784">
      <class name="com.test.cucumber.Runner">
        <test-method is-config="true" signature="setUpClass()[pri:0, instance:com.test.cucumber.Runner@bcec361]" started-at="2023-01-23T12:29:01 EST" name="setUpClass" finished-at="2023-01-23T12:29:01 EST" duration-ms="220" status="PASS">
          <reporter-output>
          </reporter-output>
        </test-method> <!-- setUpClass -->
        <test-method signature="runScenario(cucumber.api.testng.PickleEventWrapper,cucumber.api.testng.CucumberFeatureWrapper)[pri:0, instance:com.test.cucumber.Runner@bcec361]" started-at="2023-01-23T12:29:01 EST" name="runScenario" description="Runs Cucumber Scenarios" data-provider="scenarios" finished-at="2023-01-23T12:29:18 EST" duration-ms="16387" status="PASS">
          <params>
            <param index="0">
              <value>
                <![CDATA["As a city bank Luma application user, login should success with valid credential"]]>
              </value>
            </param>
            <param index="1">
              <value>
                <![CDATA["Login function test"]]>
              </value>
            </param>
          </params>
          <reporter-output>
          </reporter-output>
        </test-method> <!-- runScenario -->
        <test-method is-config="true" signature="tearDownClass()[pri:0, instance:com.test.cucumber.Runner@bcec361]" started-at="2023-01-23T12:29:18 EST" name="tearDownClass" finished-at="2023-01-23T12:29:18 EST" duration-ms="65" status="PASS">
          <reporter-output>
          </reporter-output>
        </test-method> <!-- tearDownClass -->
      </class> <!-- com.test.cucumber.Runner -->
    </test> <!-- Command line test -->
  </suite> <!-- com.test.cucumber.Runner -->
</testng-results>
